,number,value,datetime_start,datetime_complete,duration,params_batch_size,params_dropout_rate,params_epochs,params_feed_forward,params_hidden_layer_dim,params_input_chunk_length,params_lr,params_num_attention_heads,params_num_lstm_layers,params_optimizer,params_output_chunk_length,system_attrs_grid_id,system_attrs_search_space,state
0,0,0.012105250731110573,2024-08-06 17:13:01.967284,2024-08-06 17:15:20.289792,0 days 00:02:18.322508,256,0.0,1000,Bilinear,32,30,0.001,7,3,adam,1,0,"{'batch_size': [256], 'dropout_rate': [0.0, 0.05, 0.1], 'epochs': [1000], 'feed_forward': ['GLU', 'Bilinear', 'ReGLU', 'GEGLU', 'SwiGLU', 'ReLU', 'GELU', 'GatedResidualNetwork'], 'hidden_layer_dim': [32, 64, 128], 'input_chunk_length': [30], 'lr': [0.001, 0.0001, 1e-05], 'num_attention_heads': [2, 3, 5, 7], 'num_lstm_layers': [2, 3, 4, 5], 'optimizer': ['adam'], 'output_chunk_length': [1]}",COMPLETE
1,1,0.012137744575738907,2024-08-06 17:15:20.290555,2024-08-06 17:17:53.092455,0 days 00:02:32.801900,256,0.0,1000,GatedResidualNetwork,64,30,0.001,2,4,adam,1,1,"{'batch_size': [256], 'dropout_rate': [0.0, 0.05, 0.1], 'epochs': [1000], 'feed_forward': ['GLU', 'Bilinear', 'ReGLU', 'GEGLU', 'SwiGLU', 'ReLU', 'GELU', 'GatedResidualNetwork'], 'hidden_layer_dim': [32, 64, 128], 'input_chunk_length': [30], 'lr': [0.001, 0.0001, 1e-05], 'num_attention_heads': [2, 3, 5, 7], 'num_lstm_layers': [2, 3, 4, 5], 'optimizer': ['adam'], 'output_chunk_length': [1]}",COMPLETE
2,2,0.012323923408985138,2024-08-06 17:17:53.093238,2024-08-06 17:23:20.450574,0 days 00:05:27.357336,256,0.1,1000,ReLU,64,30,0.001,3,2,adam,1,2,"{'batch_size': [256], 'dropout_rate': [0.0, 0.05, 0.1], 'epochs': [1000], 'feed_forward': ['GLU', 'Bilinear', 'ReGLU', 'GEGLU', 'SwiGLU', 'ReLU', 'GELU', 'GatedResidualNetwork'], 'hidden_layer_dim': [32, 64, 128], 'input_chunk_length': [30], 'lr': [0.001, 0.0001, 1e-05], 'num_attention_heads': [2, 3, 5, 7], 'num_lstm_layers': [2, 3, 4, 5], 'optimizer': ['adam'], 'output_chunk_length': [1]}",COMPLETE
3,3,0.01214061863720417,2024-08-06 17:23:20.451367,2024-08-06 17:25:54.559697,0 days 00:02:34.108330,256,0.05,1000,GELU,32,30,1e-05,7,2,adam,1,3,"{'batch_size': [256], 'dropout_rate': [0.0, 0.05, 0.1], 'epochs': [1000], 'feed_forward': ['GLU', 'Bilinear', 'ReGLU', 'GEGLU', 'SwiGLU', 'ReLU', 'GELU', 'GatedResidualNetwork'], 'hidden_layer_dim': [32, 64, 128], 'input_chunk_length': [30], 'lr': [0.001, 0.0001, 1e-05], 'num_attention_heads': [2, 3, 5, 7], 'num_lstm_layers': [2, 3, 4, 5], 'optimizer': ['adam'], 'output_chunk_length': [1]}",COMPLETE
4,4,0.01223711483180523,2024-08-06 17:25:54.560527,2024-08-06 17:29:37.642493,0 days 00:03:43.081966,256,0.1,1000,ReGLU,128,30,0.0001,7,2,adam,1,4,"{'batch_size': [256], 'dropout_rate': [0.0, 0.05, 0.1], 'epochs': [1000], 'feed_forward': ['GLU', 'Bilinear', 'ReGLU', 'GEGLU', 'SwiGLU', 'ReLU', 'GELU', 'GatedResidualNetwork'], 'hidden_layer_dim': [32, 64, 128], 'input_chunk_length': [30], 'lr': [0.001, 0.0001, 1e-05], 'num_attention_heads': [2, 3, 5, 7], 'num_lstm_layers': [2, 3, 4, 5], 'optimizer': ['adam'], 'output_chunk_length': [1]}",COMPLETE
5,5,0.012131561525166035,2024-08-06 17:29:37.643318,2024-08-06 17:31:58.328801,0 days 00:02:20.685483,256,0.1,1000,ReGLU,32,30,1e-05,3,3,adam,1,5,"{'batch_size': [256], 'dropout_rate': [0.0, 0.05, 0.1], 'epochs': [1000], 'feed_forward': ['GLU', 'Bilinear', 'ReGLU', 'GEGLU', 'SwiGLU', 'ReLU', 'GELU', 'GatedResidualNetwork'], 'hidden_layer_dim': [32, 64, 128], 'input_chunk_length': [30], 'lr': [0.001, 0.0001, 1e-05], 'num_attention_heads': [2, 3, 5, 7], 'num_lstm_layers': [2, 3, 4, 5], 'optimizer': ['adam'], 'output_chunk_length': [1]}",COMPLETE
6,6,0.01221009623259306,2024-08-06 17:31:58.329603,2024-08-06 17:35:49.705996,0 days 00:03:51.376393,256,0.0,1000,Bilinear,128,30,0.001,7,2,adam,1,6,"{'batch_size': [256], 'dropout_rate': [0.0, 0.05, 0.1], 'epochs': [1000], 'feed_forward': ['GLU', 'Bilinear', 'ReGLU', 'GEGLU', 'SwiGLU', 'ReLU', 'GELU', 'GatedResidualNetwork'], 'hidden_layer_dim': [32, 64, 128], 'input_chunk_length': [30], 'lr': [0.001, 0.0001, 1e-05], 'num_attention_heads': [2, 3, 5, 7], 'num_lstm_layers': [2, 3, 4, 5], 'optimizer': ['adam'], 'output_chunk_length': [1]}",COMPLETE
7,7,0.012178066186606884,2024-08-06 17:35:49.706835,2024-08-06 17:40:42.693562,0 days 00:04:52.986727,256,0.05,1000,SwiGLU,128,30,0.0001,5,4,adam,1,7,"{'batch_size': [256], 'dropout_rate': [0.0, 0.05, 0.1], 'epochs': [1000], 'feed_forward': ['GLU', 'Bilinear', 'ReGLU', 'GEGLU', 'SwiGLU', 'ReLU', 'GELU', 'GatedResidualNetwork'], 'hidden_layer_dim': [32, 64, 128], 'input_chunk_length': [30], 'lr': [0.001, 0.0001, 1e-05], 'num_attention_heads': [2, 3, 5, 7], 'num_lstm_layers': [2, 3, 4, 5], 'optimizer': ['adam'], 'output_chunk_length': [1]}",COMPLETE
8,8,0.012304314412176609,2024-08-06 17:40:42.694379,2024-08-06 17:44:37.571526,0 days 00:03:54.877147,256,0.05,1000,GEGLU,64,30,1e-05,2,3,adam,1,8,"{'batch_size': [256], 'dropout_rate': [0.0, 0.05, 0.1], 'epochs': [1000], 'feed_forward': ['GLU', 'Bilinear', 'ReGLU', 'GEGLU', 'SwiGLU', 'ReLU', 'GELU', 'GatedResidualNetwork'], 'hidden_layer_dim': [32, 64, 128], 'input_chunk_length': [30], 'lr': [0.001, 0.0001, 1e-05], 'num_attention_heads': [2, 3, 5, 7], 'num_lstm_layers': [2, 3, 4, 5], 'optimizer': ['adam'], 'output_chunk_length': [1]}",COMPLETE
9,9,0.012142764404416084,2024-08-06 17:44:37.572295,2024-08-06 17:46:20.629011,0 days 00:01:43.056716,256,0.1,1000,ReGLU,64,30,0.0001,3,2,adam,1,9,"{'batch_size': [256], 'dropout_rate': [0.0, 0.05, 0.1], 'epochs': [1000], 'feed_forward': ['GLU', 'Bilinear', 'ReGLU', 'GEGLU', 'SwiGLU', 'ReLU', 'GELU', 'GatedResidualNetwork'], 'hidden_layer_dim': [32, 64, 128], 'input_chunk_length': [30], 'lr': [0.001, 0.0001, 1e-05], 'num_attention_heads': [2, 3, 5, 7], 'num_lstm_layers': [2, 3, 4, 5], 'optimizer': ['adam'], 'output_chunk_length': [1]}",COMPLETE
10,10,0.012178067117929459,2024-08-06 17:46:20.629822,2024-08-06 17:51:12.277470,0 days 00:04:51.647648,256,0.05,1000,SwiGLU,128,30,1e-05,5,4,adam,1,10,"{'batch_size': [256], 'dropout_rate': [0.0, 0.05, 0.1], 'epochs': [1000], 'feed_forward': ['GLU', 'Bilinear', 'ReGLU', 'GEGLU', 'SwiGLU', 'ReLU', 'GELU', 'GatedResidualNetwork'], 'hidden_layer_dim': [32, 64, 128], 'input_chunk_length': [30], 'lr': [0.001, 0.0001, 1e-05], 'num_attention_heads': [2, 3, 5, 7], 'num_lstm_layers': [2, 3, 4, 5], 'optimizer': ['adam'], 'output_chunk_length': [1]}",COMPLETE
11,11,0.012158460915088654,2024-08-06 17:51:12.278281,2024-08-06 17:55:29.627347,0 days 00:04:17.349066,256,0.1,1000,GELU,128,30,1e-05,3,2,adam,1,11,"{'batch_size': [256], 'dropout_rate': [0.0, 0.05, 0.1], 'epochs': [1000], 'feed_forward': ['GLU', 'Bilinear', 'ReGLU', 'GEGLU', 'SwiGLU', 'ReLU', 'GELU', 'GatedResidualNetwork'], 'hidden_layer_dim': [32, 64, 128], 'input_chunk_length': [30], 'lr': [0.001, 0.0001, 1e-05], 'num_attention_heads': [2, 3, 5, 7], 'num_lstm_layers': [2, 3, 4, 5], 'optimizer': ['adam'], 'output_chunk_length': [1]}",COMPLETE
12,12,0.012048959732055664,2024-08-06 17:55:29.628135,2024-08-06 17:58:15.001853,0 days 00:02:45.373718,256,0.0,1000,Bilinear,128,30,0.0001,5,5,adam,1,12,"{'batch_size': [256], 'dropout_rate': [0.0, 0.05, 0.1], 'epochs': [1000], 'feed_forward': ['GLU', 'Bilinear', 'ReGLU', 'GEGLU', 'SwiGLU', 'ReLU', 'GELU', 'GatedResidualNetwork'], 'hidden_layer_dim': [32, 64, 128], 'input_chunk_length': [30], 'lr': [0.001, 0.0001, 1e-05], 'num_attention_heads': [2, 3, 5, 7], 'num_lstm_layers': [2, 3, 4, 5], 'optimizer': ['adam'], 'output_chunk_length': [1]}",COMPLETE
13,13,0.01222406979650259,2024-08-06 17:58:15.002683,2024-08-06 18:01:40.575643,0 days 00:03:25.572960,256,0.1,1000,GELU,128,30,0.001,3,4,adam,1,13,"{'batch_size': [256], 'dropout_rate': [0.0, 0.05, 0.1], 'epochs': [1000], 'feed_forward': ['GLU', 'Bilinear', 'ReGLU', 'GEGLU', 'SwiGLU', 'ReLU', 'GELU', 'GatedResidualNetwork'], 'hidden_layer_dim': [32, 64, 128], 'input_chunk_length': [30], 'lr': [0.001, 0.0001, 1e-05], 'num_attention_heads': [2, 3, 5, 7], 'num_lstm_layers': [2, 3, 4, 5], 'optimizer': ['adam'], 'output_chunk_length': [1]}",COMPLETE
14,14,0.012203318998217583,2024-08-06 18:01:40.576462,2024-08-06 18:03:42.650625,0 days 00:02:02.074163,256,0.05,1000,GELU,32,30,1e-05,5,2,adam,1,14,"{'batch_size': [256], 'dropout_rate': [0.0, 0.05, 0.1], 'epochs': [1000], 'feed_forward': ['GLU', 'Bilinear', 'ReGLU', 'GEGLU', 'SwiGLU', 'ReLU', 'GELU', 'GatedResidualNetwork'], 'hidden_layer_dim': [32, 64, 128], 'input_chunk_length': [30], 'lr': [0.001, 0.0001, 1e-05], 'num_attention_heads': [2, 3, 5, 7], 'num_lstm_layers': [2, 3, 4, 5], 'optimizer': ['adam'], 'output_chunk_length': [1]}",COMPLETE
15,15,0.012390616349875927,2024-08-06 18:03:42.651433,2024-08-06 18:08:48.367661,0 days 00:05:05.716228,256,0.1,1000,GELU,64,30,0.0001,3,2,adam,1,15,"{'batch_size': [256], 'dropout_rate': [0.0, 0.05, 0.1], 'epochs': [1000], 'feed_forward': ['GLU', 'Bilinear', 'ReGLU', 'GEGLU', 'SwiGLU', 'ReLU', 'GELU', 'GatedResidualNetwork'], 'hidden_layer_dim': [32, 64, 128], 'input_chunk_length': [30], 'lr': [0.001, 0.0001, 1e-05], 'num_attention_heads': [2, 3, 5, 7], 'num_lstm_layers': [2, 3, 4, 5], 'optimizer': ['adam'], 'output_chunk_length': [1]}",COMPLETE
16,16,0.012152986600995064,2024-08-06 18:08:48.368464,2024-08-06 18:11:30.330174,0 days 00:02:41.961710,256,0.0,1000,ReLU,64,30,0.001,7,3,adam,1,16,"{'batch_size': [256], 'dropout_rate': [0.0, 0.05, 0.1], 'epochs': [1000], 'feed_forward': ['GLU', 'Bilinear', 'ReGLU', 'GEGLU', 'SwiGLU', 'ReLU', 'GELU', 'GatedResidualNetwork'], 'hidden_layer_dim': [32, 64, 128], 'input_chunk_length': [30], 'lr': [0.001, 0.0001, 1e-05], 'num_attention_heads': [2, 3, 5, 7], 'num_lstm_layers': [2, 3, 4, 5], 'optimizer': ['adam'], 'output_chunk_length': [1]}",COMPLETE
17,17,0.012299616821110249,2024-08-06 18:11:30.330953,2024-08-06 18:15:56.413952,0 days 00:04:26.082999,256,0.1,1000,ReGLU,128,30,0.001,2,2,adam,1,17,"{'batch_size': [256], 'dropout_rate': [0.0, 0.05, 0.1], 'epochs': [1000], 'feed_forward': ['GLU', 'Bilinear', 'ReGLU', 'GEGLU', 'SwiGLU', 'ReLU', 'GELU', 'GatedResidualNetwork'], 'hidden_layer_dim': [32, 64, 128], 'input_chunk_length': [30], 'lr': [0.001, 0.0001, 1e-05], 'num_attention_heads': [2, 3, 5, 7], 'num_lstm_layers': [2, 3, 4, 5], 'optimizer': ['adam'], 'output_chunk_length': [1]}",COMPLETE
18,18,0.012059396132826805,2024-08-06 18:15:56.414779,2024-08-06 18:18:46.198205,0 days 00:02:49.783426,256,0.1,1000,ReLU,128,30,0.001,5,4,adam,1,18,"{'batch_size': [256], 'dropout_rate': [0.0, 0.05, 0.1], 'epochs': [1000], 'feed_forward': ['GLU', 'Bilinear', 'ReGLU', 'GEGLU', 'SwiGLU', 'ReLU', 'GELU', 'GatedResidualNetwork'], 'hidden_layer_dim': [32, 64, 128], 'input_chunk_length': [30], 'lr': [0.001, 0.0001, 1e-05], 'num_attention_heads': [2, 3, 5, 7], 'num_lstm_layers': [2, 3, 4, 5], 'optimizer': ['adam'], 'output_chunk_length': [1]}",COMPLETE
19,19,0.012162244878709316,2024-08-06 18:18:46.199008,2024-08-06 18:21:31.521749,0 days 00:02:45.322741,256,0.05,1000,GEGLU,128,30,0.0001,2,3,adam,1,19,"{'batch_size': [256], 'dropout_rate': [0.0, 0.05, 0.1], 'epochs': [1000], 'feed_forward': ['GLU', 'Bilinear', 'ReGLU', 'GEGLU', 'SwiGLU', 'ReLU', 'GELU', 'GatedResidualNetwork'], 'hidden_layer_dim': [32, 64, 128], 'input_chunk_length': [30], 'lr': [0.001, 0.0001, 1e-05], 'num_attention_heads': [2, 3, 5, 7], 'num_lstm_layers': [2, 3, 4, 5], 'optimizer': ['adam'], 'output_chunk_length': [1]}",COMPLETE
20,20,0.012127483263611794,2024-08-06 18:21:31.522557,2024-08-06 18:24:00.168775,0 days 00:02:28.646218,256,0.05,1000,SwiGLU,128,30,0.001,5,5,adam,1,20,"{'batch_size': [256], 'dropout_rate': [0.0, 0.05, 0.1], 'epochs': [1000], 'feed_forward': ['GLU', 'Bilinear', 'ReGLU', 'GEGLU', 'SwiGLU', 'ReLU', 'GELU', 'GatedResidualNetwork'], 'hidden_layer_dim': [32, 64, 128], 'input_chunk_length': [30], 'lr': [0.001, 0.0001, 1e-05], 'num_attention_heads': [2, 3, 5, 7], 'num_lstm_layers': [2, 3, 4, 5], 'optimizer': ['adam'], 'output_chunk_length': [1]}",COMPLETE
21,21,0.012072817422449589,2024-08-06 18:24:00.169600,2024-08-06 18:26:23.936800,0 days 00:02:23.767200,256,0.05,1000,GLU,64,30,0.001,5,5,adam,1,21,"{'batch_size': [256], 'dropout_rate': [0.0, 0.05, 0.1], 'epochs': [1000], 'feed_forward': ['GLU', 'Bilinear', 'ReGLU', 'GEGLU', 'SwiGLU', 'ReLU', 'GELU', 'GatedResidualNetwork'], 'hidden_layer_dim': [32, 64, 128], 'input_chunk_length': [30], 'lr': [0.001, 0.0001, 1e-05], 'num_attention_heads': [2, 3, 5, 7], 'num_lstm_layers': [2, 3, 4, 5], 'optimizer': ['adam'], 'output_chunk_length': [1]}",COMPLETE
22,22,0.012111937627196312,2024-08-06 18:26:23.937599,2024-08-06 18:27:45.342042,0 days 00:01:21.404443,256,0.0,1000,GELU,64,30,1e-05,2,5,adam,1,22,"{'batch_size': [256], 'dropout_rate': [0.0, 0.05, 0.1], 'epochs': [1000], 'feed_forward': ['GLU', 'Bilinear', 'ReGLU', 'GEGLU', 'SwiGLU', 'ReLU', 'GELU', 'GatedResidualNetwork'], 'hidden_layer_dim': [32, 64, 128], 'input_chunk_length': [30], 'lr': [0.001, 0.0001, 1e-05], 'num_attention_heads': [2, 3, 5, 7], 'num_lstm_layers': [2, 3, 4, 5], 'optimizer': ['adam'], 'output_chunk_length': [1]}",COMPLETE
23,23,0.01215982437133789,2024-08-06 18:27:45.342861,2024-08-06 18:34:13.328475,0 days 00:06:27.985614,256,0.05,1000,GatedResidualNetwork,64,30,1e-05,7,5,adam,1,23,"{'batch_size': [256], 'dropout_rate': [0.0, 0.05, 0.1], 'epochs': [1000], 'feed_forward': ['GLU', 'Bilinear', 'ReGLU', 'GEGLU', 'SwiGLU', 'ReLU', 'GELU', 'GatedResidualNetwork'], 'hidden_layer_dim': [32, 64, 128], 'input_chunk_length': [30], 'lr': [0.001, 0.0001, 1e-05], 'num_attention_heads': [2, 3, 5, 7], 'num_lstm_layers': [2, 3, 4, 5], 'optimizer': ['adam'], 'output_chunk_length': [1]}",COMPLETE
24,24,0.012072484008967876,2024-08-06 18:34:13.329270,2024-08-06 18:35:54.336776,0 days 00:01:41.007506,256,0.05,1000,GatedResidualNetwork,32,30,1e-05,5,5,adam,1,24,"{'batch_size': [256], 'dropout_rate': [0.0, 0.05, 0.1], 'epochs': [1000], 'feed_forward': ['GLU', 'Bilinear', 'ReGLU', 'GEGLU', 'SwiGLU', 'ReLU', 'GELU', 'GatedResidualNetwork'], 'hidden_layer_dim': [32, 64, 128], 'input_chunk_length': [30], 'lr': [0.001, 0.0001, 1e-05], 'num_attention_heads': [2, 3, 5, 7], 'num_lstm_layers': [2, 3, 4, 5], 'optimizer': ['adam'], 'output_chunk_length': [1]}",COMPLETE
25,25,0.012379837222397327,2024-08-06 18:35:54.337595,2024-08-06 18:39:56.631607,0 days 00:04:02.294012,256,0.0,1000,SwiGLU,32,30,1e-05,5,2,adam,1,25,"{'batch_size': [256], 'dropout_rate': [0.0, 0.05, 0.1], 'epochs': [1000], 'feed_forward': ['GLU', 'Bilinear', 'ReGLU', 'GEGLU', 'SwiGLU', 'ReLU', 'GELU', 'GatedResidualNetwork'], 'hidden_layer_dim': [32, 64, 128], 'input_chunk_length': [30], 'lr': [0.001, 0.0001, 1e-05], 'num_attention_heads': [2, 3, 5, 7], 'num_lstm_layers': [2, 3, 4, 5], 'optimizer': ['adam'], 'output_chunk_length': [1]}",COMPLETE
26,26,0.012082008644938469,2024-08-06 18:39:56.632456,2024-08-06 18:42:49.650911,0 days 00:02:53.018455,256,0.05,1000,GatedResidualNetwork,128,30,0.0001,2,3,adam,1,26,"{'batch_size': [256], 'dropout_rate': [0.0, 0.05, 0.1], 'epochs': [1000], 'feed_forward': ['GLU', 'Bilinear', 'ReGLU', 'GEGLU', 'SwiGLU', 'ReLU', 'GELU', 'GatedResidualNetwork'], 'hidden_layer_dim': [32, 64, 128], 'input_chunk_length': [30], 'lr': [0.001, 0.0001, 1e-05], 'num_attention_heads': [2, 3, 5, 7], 'num_lstm_layers': [2, 3, 4, 5], 'optimizer': ['adam'], 'output_chunk_length': [1]}",COMPLETE
27,27,0.012764779850840569,2024-08-06 18:42:49.651724,2024-08-06 18:50:33.007154,0 days 00:07:43.355430,256,0.1,1000,GatedResidualNetwork,64,30,0.001,7,2,adam,1,27,"{'batch_size': [256], 'dropout_rate': [0.0, 0.05, 0.1], 'epochs': [1000], 'feed_forward': ['GLU', 'Bilinear', 'ReGLU', 'GEGLU', 'SwiGLU', 'ReLU', 'GELU', 'GatedResidualNetwork'], 'hidden_layer_dim': [32, 64, 128], 'input_chunk_length': [30], 'lr': [0.001, 0.0001, 1e-05], 'num_attention_heads': [2, 3, 5, 7], 'num_lstm_layers': [2, 3, 4, 5], 'optimizer': ['adam'], 'output_chunk_length': [1]}",COMPLETE
28,28,0.012138545513153076,2024-08-06 18:50:33.007959,2024-08-06 18:52:40.406061,0 days 00:02:07.398102,256,0.0,1000,SwiGLU,32,30,0.001,7,3,adam,1,28,"{'batch_size': [256], 'dropout_rate': [0.0, 0.05, 0.1], 'epochs': [1000], 'feed_forward': ['GLU', 'Bilinear', 'ReGLU', 'GEGLU', 'SwiGLU', 'ReLU', 'GELU', 'GatedResidualNetwork'], 'hidden_layer_dim': [32, 64, 128], 'input_chunk_length': [30], 'lr': [0.001, 0.0001, 1e-05], 'num_attention_heads': [2, 3, 5, 7], 'num_lstm_layers': [2, 3, 4, 5], 'optimizer': ['adam'], 'output_chunk_length': [1]}",COMPLETE
29,29,0.012274581007659435,2024-08-06 18:52:40.406885,2024-08-06 18:55:15.257821,0 days 00:02:34.850936,256,0.1,1000,GEGLU,64,30,0.001,3,4,adam,1,29,"{'batch_size': [256], 'dropout_rate': [0.0, 0.05, 0.1], 'epochs': [1000], 'feed_forward': ['GLU', 'Bilinear', 'ReGLU', 'GEGLU', 'SwiGLU', 'ReLU', 'GELU', 'GatedResidualNetwork'], 'hidden_layer_dim': [32, 64, 128], 'input_chunk_length': [30], 'lr': [0.001, 0.0001, 1e-05], 'num_attention_heads': [2, 3, 5, 7], 'num_lstm_layers': [2, 3, 4, 5], 'optimizer': ['adam'], 'output_chunk_length': [1]}",COMPLETE
30,30,0.012111811898648739,2024-08-06 18:55:15.258646,2024-08-06 19:00:37.398846,0 days 00:05:22.140200,256,0.05,1000,Bilinear,128,30,0.0001,5,2,adam,1,30,"{'batch_size': [256], 'dropout_rate': [0.0, 0.05, 0.1], 'epochs': [1000], 'feed_forward': ['GLU', 'Bilinear', 'ReGLU', 'GEGLU', 'SwiGLU', 'ReLU', 'GELU', 'GatedResidualNetwork'], 'hidden_layer_dim': [32, 64, 128], 'input_chunk_length': [30], 'lr': [0.001, 0.0001, 1e-05], 'num_attention_heads': [2, 3, 5, 7], 'num_lstm_layers': [2, 3, 4, 5], 'optimizer': ['adam'], 'output_chunk_length': [1]}",COMPLETE
31,31,0.012286428362131119,2024-08-06 19:00:37.399659,2024-08-06 19:03:26.777697,0 days 00:02:49.378038,256,0.0,1000,GatedResidualNetwork,64,30,0.001,7,5,adam,1,31,"{'batch_size': [256], 'dropout_rate': [0.0, 0.05, 0.1], 'epochs': [1000], 'feed_forward': ['GLU', 'Bilinear', 'ReGLU', 'GEGLU', 'SwiGLU', 'ReLU', 'GELU', 'GatedResidualNetwork'], 'hidden_layer_dim': [32, 64, 128], 'input_chunk_length': [30], 'lr': [0.001, 0.0001, 1e-05], 'num_attention_heads': [2, 3, 5, 7], 'num_lstm_layers': [2, 3, 4, 5], 'optimizer': ['adam'], 'output_chunk_length': [1]}",COMPLETE
32,32,0.01219914574176073,2024-08-06 19:03:26.778508,2024-08-06 19:06:39.304896,0 days 00:03:12.526388,256,0.05,1000,ReLU,64,30,0.001,2,4,adam,1,32,"{'batch_size': [256], 'dropout_rate': [0.0, 0.05, 0.1], 'epochs': [1000], 'feed_forward': ['GLU', 'Bilinear', 'ReGLU', 'GEGLU', 'SwiGLU', 'ReLU', 'GELU', 'GatedResidualNetwork'], 'hidden_layer_dim': [32, 64, 128], 'input_chunk_length': [30], 'lr': [0.001, 0.0001, 1e-05], 'num_attention_heads': [2, 3, 5, 7], 'num_lstm_layers': [2, 3, 4, 5], 'optimizer': ['adam'], 'output_chunk_length': [1]}",COMPLETE
33,33,0.012349673546850681,2024-08-06 19:06:39.305742,2024-08-06 19:13:33.996066,0 days 00:06:54.690324,256,0.05,1000,ReLU,128,30,0.001,7,5,adam,1,33,"{'batch_size': [256], 'dropout_rate': [0.0, 0.05, 0.1], 'epochs': [1000], 'feed_forward': ['GLU', 'Bilinear', 'ReGLU', 'GEGLU', 'SwiGLU', 'ReLU', 'GELU', 'GatedResidualNetwork'], 'hidden_layer_dim': [32, 64, 128], 'input_chunk_length': [30], 'lr': [0.001, 0.0001, 1e-05], 'num_attention_heads': [2, 3, 5, 7], 'num_lstm_layers': [2, 3, 4, 5], 'optimizer': ['adam'], 'output_chunk_length': [1]}",COMPLETE
34,34,0.012138512916862965,2024-08-06 19:13:33.996892,2024-08-06 19:17:45.952393,0 days 00:04:11.955501,256,0.05,1000,ReGLU,32,30,0.001,5,5,adam,1,34,"{'batch_size': [256], 'dropout_rate': [0.0, 0.05, 0.1], 'epochs': [1000], 'feed_forward': ['GLU', 'Bilinear', 'ReGLU', 'GEGLU', 'SwiGLU', 'ReLU', 'GELU', 'GatedResidualNetwork'], 'hidden_layer_dim': [32, 64, 128], 'input_chunk_length': [30], 'lr': [0.001, 0.0001, 1e-05], 'num_attention_heads': [2, 3, 5, 7], 'num_lstm_layers': [2, 3, 4, 5], 'optimizer': ['adam'], 'output_chunk_length': [1]}",COMPLETE
35,35,0.012275462970137596,2024-08-06 19:17:45.953193,2024-08-06 19:23:22.623328,0 days 00:05:36.670135,256,0.1,1000,ReGLU,32,30,0.0001,5,3,adam,1,35,"{'batch_size': [256], 'dropout_rate': [0.0, 0.05, 0.1], 'epochs': [1000], 'feed_forward': ['GLU', 'Bilinear', 'ReGLU', 'GEGLU', 'SwiGLU', 'ReLU', 'GELU', 'GatedResidualNetwork'], 'hidden_layer_dim': [32, 64, 128], 'input_chunk_length': [30], 'lr': [0.001, 0.0001, 1e-05], 'num_attention_heads': [2, 3, 5, 7], 'num_lstm_layers': [2, 3, 4, 5], 'optimizer': ['adam'], 'output_chunk_length': [1]}",COMPLETE
36,36,0.012119530700147152,2024-08-06 19:23:22.624131,2024-08-06 19:27:09.074316,0 days 00:03:46.450185,256,0.0,1000,ReGLU,64,30,0.0001,3,2,adam,1,36,"{'batch_size': [256], 'dropout_rate': [0.0, 0.05, 0.1], 'epochs': [1000], 'feed_forward': ['GLU', 'Bilinear', 'ReGLU', 'GEGLU', 'SwiGLU', 'ReLU', 'GELU', 'GatedResidualNetwork'], 'hidden_layer_dim': [32, 64, 128], 'input_chunk_length': [30], 'lr': [0.001, 0.0001, 1e-05], 'num_attention_heads': [2, 3, 5, 7], 'num_lstm_layers': [2, 3, 4, 5], 'optimizer': ['adam'], 'output_chunk_length': [1]}",COMPLETE
37,37,0.012192931026220322,2024-08-06 19:27:09.075148,2024-08-06 19:29:33.082351,0 days 00:02:24.007203,256,0.0,1000,GELU,128,30,0.001,2,3,adam,1,37,"{'batch_size': [256], 'dropout_rate': [0.0, 0.05, 0.1], 'epochs': [1000], 'feed_forward': ['GLU', 'Bilinear', 'ReGLU', 'GEGLU', 'SwiGLU', 'ReLU', 'GELU', 'GatedResidualNetwork'], 'hidden_layer_dim': [32, 64, 128], 'input_chunk_length': [30], 'lr': [0.001, 0.0001, 1e-05], 'num_attention_heads': [2, 3, 5, 7], 'num_lstm_layers': [2, 3, 4, 5], 'optimizer': ['adam'], 'output_chunk_length': [1]}",COMPLETE
